<?xml version="1.0" encoding="UTF-8"?>
<testng-results skipped="0" failed="0" total="1" passed="1">
  <reporter-output>
  </reporter-output>
  <suite name="Suite" duration-ms="31959" started-at="2023-03-17T17:11:13Z" finished-at="2023-03-17T17:11:44Z">
    <groups>
      <group name="cucumber">
        <method signature="CucumberRunner.runScenario(io.cucumber.testng.PickleWrapper, io.cucumber.testng.FeatureWrapper)[pri:0, instance:com.test.runner.CucumberRunner@90f6bfd]" name="runScenario" class="com.test.runner.CucumberRunner"/>
      </group> <!-- cucumber -->
    </groups>
    <test name="Test" duration-ms="31959" started-at="2023-03-17T17:11:13Z" finished-at="2023-03-17T17:11:44Z">
      <class name="com.test.runner.CucumberRunner">
        <test-method status="PASS" signature="setUpClass()[pri:0, instance:com.test.runner.CucumberRunner@90f6bfd]" name="setUpClass" is-config="true" duration-ms="640" started-at="2023-03-17T22:41:13Z" finished-at="2023-03-17T22:41:13Z">
          <reporter-output>
          </reporter-output>
        </test-method> <!-- setUpClass -->
        <test-method status="PASS" signature="runScenario(io.cucumber.testng.PickleWrapper, io.cucumber.testng.FeatureWrapper)[pri:0, instance:com.test.runner.CucumberRunner@90f6bfd]" name="runScenario" duration-ms="31285" started-at="2023-03-17T22:41:13Z" description="Runs Cucumber Scenarios" data-provider="scenarios" finished-at="2023-03-17T22:41:44Z">
          <params>
            <param index="0">
              <value>
                <![CDATA["Validate if user is able to login after clicking LoginValidCredentials"]]>
              </value>
            </param>
            <param index="1">
              <value>
                <![CDATA["Login to HRM Application"]]>
              </value>
            </param>
          </params>
          <reporter-output>
          </reporter-output>
        </test-method> <!-- runScenario -->
        <test-method status="PASS" signature="testDownClass()[pri:0, instance:com.test.runner.CucumberRunner@90f6bfd]" name="testDownClass" is-config="true" duration-ms="13" started-at="2023-03-17T22:41:44Z" finished-at="2023-03-17T22:41:44Z">
          <reporter-output>
          </reporter-output>
        </test-method> <!-- testDownClass -->
      </class> <!-- com.test.runner.CucumberRunner -->
    </test> <!-- Test -->
  </suite> <!-- Suite -->
</testng-results>
